<?xml version="1.0" encoding="UTF-8"?>
<testsuite xmlns:xsi="http://www.w3.org/2001/XMLSchema-instance" xsi:noNamespaceSchemaLocation="https://maven.apache.org/surefire/maven-surefire-plugin/xsd/surefire-test-report-3.0.xsd" version="3.0" name="com.backend.api_gateway.ApiGatewayApplicationTests" time="2.575" tests="1" errors="0" skipped="0" failures="0">
  <properties>
[...]
</properties>
  <testcase name="contextLoads" classname="com.backend.api_gateway.ApiGatewayApplicationTests" time="0.575">
    <system-out><![CDATA[19:46:28.766 [main] INFO org.springframework.test.context.support.AnnotationConfigContextLoaderUtils -- Could not detect default configuration classes for test class [com.backend.api_gateway.ApiGatewayApplicationTests]: ApiGatewayApplicationTests does not declare any static, non-private, non-final, nested classes annotated with @Configuration.
19:46:28.832 [main] INFO org.springframework.boot.test.context.SpringBootTestContextBootstrapper -- Found @SpringBootConfiguration com.backend.api_gateway.ApiGatewayApplication for test class com.backend.api_gateway.ApiGatewayApplicationTests

  .   ____          _            __ _ _
 /\\ / ___'_ __ _ _(_)_ __  __ _ \ \ \ \
( ( )\___ | '_ | '_| | '_ \/ _` | \ \ \ \
 \\/  ___)| |_)| | | | | || (_| |  ) ) ) )
  '  |____| .__|_| |_|_| |_\__, | / / / /
 =========|_|==============|___/=/_/_/_/

 :: Spring Boot ::                (v3.3.5)

2024-11-01T19:46:29.132-03:00  INFO 27381 --- [api-gateway] [           main] c.b.a.ApiGatewayApplicationTests         : Starting ApiGatewayApplicationTests using Java 21.0.2 with PID 27381 (started by pedro in /home/pedro/Desktop/BDA/TP/api-gateway)
2024-11-01T19:46:29.133-03:00  INFO 27381 --- [api-gateway] [           main] c.b.a.ApiGatewayApplicationTests         : No active profile set, falling back to 1 default profile: "default"
2024-11-01T19:46:29.740-03:00  INFO 27381 --- [api-gateway] [           main] o.s.cloud.context.scope.GenericScope     : BeanFactory id=79cfdace-9a82-3000-b199-da522df27567
2024-11-01T19:46:29.904-03:00  INFO 27381 --- [api-gateway] [           main] ctiveUserDetailsServiceAutoConfiguration : 

Using generated security password: af4637f6-1572-464b-aec7-c0bd512b0888

2024-11-01T19:46:30.416-03:00  INFO 27381 --- [api-gateway] [           main] o.s.c.g.r.RouteDefinitionRouteLocator    : Loaded RoutePredicateFactory [After]
2024-11-01T19:46:30.416-03:00  INFO 27381 --- [api-gateway] [           main] o.s.c.g.r.RouteDefinitionRouteLocator    : Loaded RoutePredicateFactory [Before]
2024-11-01T19:46:30.416-03:00  INFO 27381 --- [api-gateway] [           main] o.s.c.g.r.RouteDefinitionRouteLocator    : Loaded RoutePredicateFactory [Between]
2024-11-01T19:46:30.417-03:00  INFO 27381 --- [api-gateway] [           main] o.s.c.g.r.RouteDefinitionRouteLocator    : Loaded RoutePredicateFactory [Cookie]
2024-11-01T19:46:30.417-03:00  INFO 27381 --- [api-gateway] [           main] o.s.c.g.r.RouteDefinitionRouteLocator    : Loaded RoutePredicateFactory [Header]
2024-11-01T19:46:30.417-03:00  INFO 27381 --- [api-gateway] [           main] o.s.c.g.r.RouteDefinitionRouteLocator    : Loaded RoutePredicateFactory [Host]
2024-11-01T19:46:30.417-03:00  INFO 27381 --- [api-gateway] [           main] o.s.c.g.r.RouteDefinitionRouteLocator    : Loaded RoutePredicateFactory [Method]
2024-11-01T19:46:30.417-03:00  INFO 27381 --- [api-gateway] [           main] o.s.c.g.r.RouteDefinitionRouteLocator    : Loaded RoutePredicateFactory [Path]
2024-11-01T19:46:30.417-03:00  INFO 27381 --- [api-gateway] [           main] o.s.c.g.r.RouteDefinitionRouteLocator    : Loaded RoutePredicateFactory [Query]
2024-11-01T19:46:30.417-03:00  INFO 27381 --- [api-gateway] [           main] o.s.c.g.r.RouteDefinitionRouteLocator    : Loaded RoutePredicateFactory [ReadBody]
2024-11-01T19:46:30.417-03:00  INFO 27381 --- [api-gateway] [           main] o.s.c.g.r.RouteDefinitionRouteLocator    : Loaded RoutePredicateFactory [RemoteAddr]
2024-11-01T19:46:30.417-03:00  INFO 27381 --- [api-gateway] [           main] o.s.c.g.r.RouteDefinitionRouteLocator    : Loaded RoutePredicateFactory [XForwardedRemoteAddr]
2024-11-01T19:46:30.417-03:00  INFO 27381 --- [api-gateway] [           main] o.s.c.g.r.RouteDefinitionRouteLocator    : Loaded RoutePredicateFactory [Weight]
2024-11-01T19:46:30.417-03:00  INFO 27381 --- [api-gateway] [           main] o.s.c.g.r.RouteDefinitionRouteLocator    : Loaded RoutePredicateFactory [CloudFoundryRouteService]
2024-11-01T19:46:30.626-03:00  INFO 27381 --- [api-gateway] [           main] c.b.a.ApiGatewayApplicationTests         : Started ApiGatewayApplicationTests in 1.704 seconds (process running for 2.328)
]]></system-out>
    <system-err><![CDATA[WARNING: A Java agent has been loaded dynamically (/home/pedro/.m2/repository/net/bytebuddy/byte-buddy-agent/1.14.19/byte-buddy-agent-1.14.19.jar)
WARNING: If a serviceability tool is in use, please run with -XX:+EnableDynamicAgentLoading to hide this warning
WARNING: If a serviceability tool is not in use, please run with -Djdk.instrument.traceUsage for more information
WARNING: Dynamic loading of agents will be disallowed by default in a future release
]]></system-err>
  </testcase>
</testsuite>